[2019-10-28T04:22:57.057Z] [org.springframework.boot.web.embedded.tomcat.TomcatWebServer] [main] [90] [INFO ] Tomcat initialized with port(s): 8080 (http)
[2019-10-28T04:22:57.057Z] [org.apache.juli.logging.DirectJDKLog] [main] [173] [INFO ] Initializing ProtocolHandler ["http-nio-8080"]
[2019-10-28T04:22:57.057Z] [org.apache.juli.logging.DirectJDKLog] [main] [173] [INFO ] Starting service [Tomcat]
[2019-10-28T04:22:57.057Z] [org.apache.juli.logging.DirectJDKLog] [main] [173] [INFO ] Starting Servlet engine: [Apache Tomcat/9.0.17]
[2019-10-28T04:22:57.057Z] [org.apache.juli.logging.DirectJDKLog] [main] [173] [INFO ] Initializing Spring embedded WebApplicationContext
[2019-10-28T04:22:57.057Z] [org.springframework.boot.web.servlet.context.ServletWebServerApplicationContext] [main] [296] [INFO ] Root WebApplicationContext: initialization completed in 1875 ms
[2019-10-28T04:22:57.057Z] [org.springframework.beans.factory.annotation.AutowiredAnnotationBeanPostProcessor] [main] [447] [INFO ] Autowired annotation is not supported on static fields: private static java.lang.String com.SpringBootDemoApplication.log_file
[2019-10-28T04:22:57.057Z] [org.springframework.scheduling.concurrent.ExecutorConfigurationSupport] [main] [171] [INFO ] Initializing ExecutorService 'applicationTaskExecutor'
[2019-10-28T04:22:57.057Z] [org.apache.juli.logging.DirectJDKLog] [main] [173] [INFO ] Starting ProtocolHandler ["http-nio-8080"]
[2019-10-28T04:22:57.057Z] [org.springframework.boot.web.embedded.tomcat.TomcatWebServer] [main] [204] [INFO ] Tomcat started on port(s): 8080 (http) with context path ''
[2019-10-28T04:22:57.057Z] [org.springframework.boot.StartupInfoLogger] [main] [59] [INFO ] Started SpringBootDemoApplication in 2.788 seconds (JVM running for 3.152)
[2019-10-28T04:23:05.005Z] [org.apache.juli.logging.DirectJDKLog] [http-nio-8080-exec-1] [173] [INFO ] Initializing Spring DispatcherServlet 'dispatcherServlet'
[2019-10-28T04:23:05.005Z] [org.springframework.web.servlet.FrameworkServlet] [http-nio-8080-exec-1] [524] [INFO ] Initializing Servlet 'dispatcherServlet'
[2019-10-28T04:23:05.005Z] [org.springframework.web.servlet.FrameworkServlet] [http-nio-8080-exec-1] [546] [INFO ] Completed initialization in 8 ms
[2019-10-28T04:26:20.020Z] [org.springframework.boot.StartupInfoLogger] [main] [50] [INFO ] Starting SpringBootDemoApplication on DESKTOP-57CDB76 with PID 13376 (E:\Workspaces\IDEA\SpringBootDemo\target\classes started by lujin in E:\Workspaces\IDEA\SpringBootDemo)
[2019-10-28T04:26:20.020Z] [org.springframework.boot.SpringApplication] [main] [679] [INFO ] The following profiles are active: dev
[2019-10-28T04:26:22.022Z] [org.springframework.boot.web.embedded.tomcat.TomcatWebServer] [main] [90] [INFO ] Tomcat initialized with port(s): 8080 (http)
[2019-10-28T04:26:22.022Z] [org.apache.juli.logging.DirectJDKLog] [main] [173] [INFO ] Initializing ProtocolHandler ["http-nio-8080"]
[2019-10-28T04:26:22.022Z] [org.apache.juli.logging.DirectJDKLog] [main] [173] [INFO ] Starting service [Tomcat]
[2019-10-28T04:26:22.022Z] [org.apache.juli.logging.DirectJDKLog] [main] [173] [INFO ] Starting Servlet engine: [Apache Tomcat/9.0.17]
[2019-10-28T04:26:22.022Z] [org.apache.juli.logging.DirectJDKLog] [main] [173] [INFO ] Initializing Spring embedded WebApplicationContext
[2019-10-28T04:26:22.022Z] [org.springframework.boot.web.servlet.context.ServletWebServerApplicationContext] [main] [296] [INFO ] Root WebApplicationContext: initialization completed in 1953 ms
[2019-10-28T04:26:22.022Z] [org.springframework.beans.factory.annotation.AutowiredAnnotationBeanPostProcessor] [main] [447] [INFO ] Autowired annotation is not supported on static fields: private static java.lang.String com.SpringBootDemoApplication.log_file
[2019-10-28T04:26:22.022Z] [org.springframework.scheduling.concurrent.ExecutorConfigurationSupport] [main] [171] [INFO ] Initializing ExecutorService 'applicationTaskExecutor'
[2019-10-28T04:26:22.022Z] [org.apache.juli.logging.DirectJDKLog] [main] [173] [INFO ] Starting ProtocolHandler ["http-nio-8080"]
[2019-10-28T04:26:22.022Z] [org.springframework.boot.web.embedded.tomcat.TomcatWebServer] [main] [204] [INFO ] Tomcat started on port(s): 8080 (http) with context path ''
[2019-10-28T04:26:22.022Z] [org.springframework.boot.StartupInfoLogger] [main] [59] [INFO ] Started SpringBootDemoApplication in 2.869 seconds (JVM running for 3.278)
[2019-10-28T04:26:36.036Z] [org.apache.juli.logging.DirectJDKLog] [http-nio-8080-exec-1] [173] [INFO ] Initializing Spring DispatcherServlet 'dispatcherServlet'
[2019-10-28T04:26:36.036Z] [org.springframework.web.servlet.FrameworkServlet] [http-nio-8080-exec-1] [524] [INFO ] Initializing Servlet 'dispatcherServlet'
[2019-10-28T04:26:36.036Z] [org.springframework.web.servlet.FrameworkServlet] [http-nio-8080-exec-1] [546] [INFO ] Completed initialization in 5 ms
[2019-10-28T04:27:33.033Z] [org.springframework.boot.StartupInfoLogger] [main] [50] [INFO ] Starting SpringBootDemoApplication on DESKTOP-57CDB76 with PID 13120 (E:\Workspaces\IDEA\SpringBootDemo\target\classes started by lujin in E:\Workspaces\IDEA\SpringBootDemo)
[2019-10-28T04:27:33.033Z] [org.springframework.boot.SpringApplication] [main] [679] [INFO ] The following profiles are active: dev
[2019-10-28T04:27:35.035Z] [org.springframework.boot.web.embedded.tomcat.TomcatWebServer] [main] [90] [INFO ] Tomcat initialized with port(s): 8080 (http)
[2019-10-28T04:27:35.035Z] [org.apache.juli.logging.DirectJDKLog] [main] [173] [INFO ] Initializing ProtocolHandler ["http-nio-8080"]
[2019-10-28T04:27:35.035Z] [org.apache.juli.logging.DirectJDKLog] [main] [173] [INFO ] Starting service [Tomcat]
[2019-10-28T04:27:35.035Z] [org.apache.juli.logging.DirectJDKLog] [main] [173] [INFO ] Starting Servlet engine: [Apache Tomcat/9.0.17]
[2019-10-28T04:27:35.035Z] [org.apache.juli.logging.DirectJDKLog] [main] [173] [INFO ] Initializing Spring embedded WebApplicationContext
[2019-10-28T04:27:35.035Z] [org.springframework.boot.web.servlet.context.ServletWebServerApplicationContext] [main] [296] [INFO ] Root WebApplicationContext: initialization completed in 1742 ms
[2019-10-28T04:27:35.035Z] [org.springframework.beans.factory.annotation.AutowiredAnnotationBeanPostProcessor] [main] [447] [INFO ] Autowired annotation is not supported on static fields: private static java.lang.String com.SpringBootDemoApplication.log_file
[2019-10-28T04:27:35.035Z] [org.springframework.scheduling.concurrent.ExecutorConfigurationSupport] [main] [171] [INFO ] Initializing ExecutorService 'applicationTaskExecutor'
[2019-10-28T04:27:35.035Z] [org.apache.juli.logging.DirectJDKLog] [main] [173] [INFO ] Starting ProtocolHandler ["http-nio-8080"]
[2019-10-28T04:27:35.035Z] [org.springframework.boot.web.embedded.tomcat.TomcatWebServer] [main] [204] [INFO ] Tomcat started on port(s): 8080 (http) with context path ''
[2019-10-28T04:27:35.035Z] [org.springframework.boot.StartupInfoLogger] [main] [59] [INFO ] Started SpringBootDemoApplication in 2.675 seconds (JVM running for 3.04)
[2019-10-28T04:27:49.049Z] [org.apache.juli.logging.DirectJDKLog] [http-nio-8080-exec-1] [173] [INFO ] Initializing Spring DispatcherServlet 'dispatcherServlet'
[2019-10-28T04:27:49.049Z] [org.springframework.web.servlet.FrameworkServlet] [http-nio-8080-exec-1] [524] [INFO ] Initializing Servlet 'dispatcherServlet'
[2019-10-28T04:27:49.049Z] [org.springframework.web.servlet.FrameworkServlet] [http-nio-8080-exec-1] [546] [INFO ] Completed initialization in 7 ms
[2019-10-28T21:05:25.025Z] [org.springframework.boot.StartupInfoLogger] [main] [50] [INFO ] Starting SpringBootDemoApplication on DESKTOP-57CDB76 with PID 3944 (E:\Workspaces\IDEA\SpringBootDemo\target\classes started by lujin in E:\Workspaces\IDEA\SpringBootDemo)
[2019-10-28T21:05:25.025Z] [org.springframework.boot.SpringApplication] [main] [679] [INFO ] The following profiles are active: dev
[2019-10-28T21:05:28.028Z] [org.springframework.boot.web.embedded.tomcat.TomcatWebServer] [main] [90] [INFO ] Tomcat initialized with port(s): 8080 (http)
[2019-10-28T21:05:28.028Z] [org.apache.juli.logging.DirectJDKLog] [main] [173] [INFO ] Initializing ProtocolHandler ["http-nio-8080"]
[2019-10-28T21:05:28.028Z] [org.apache.juli.logging.DirectJDKLog] [main] [173] [INFO ] Starting service [Tomcat]
[2019-10-28T21:05:28.028Z] [org.apache.juli.logging.DirectJDKLog] [main] [173] [INFO ] Starting Servlet engine: [Apache Tomcat/9.0.17]
[2019-10-28T21:05:28.028Z] [org.apache.juli.logging.DirectJDKLog] [main] [173] [INFO ] Initializing Spring embedded WebApplicationContext
[2019-10-28T21:05:28.028Z] [org.springframework.boot.web.servlet.context.ServletWebServerApplicationContext] [main] [296] [INFO ] Root WebApplicationContext: initialization completed in 2213 ms
[2019-10-28T21:05:28.028Z] [org.springframework.beans.factory.annotation.AutowiredAnnotationBeanPostProcessor] [main] [447] [INFO ] Autowired annotation is not supported on static fields: private static java.lang.String com.SpringBootDemoApplication.log_file
[2019-10-28T21:05:28.028Z] [org.springframework.scheduling.concurrent.ExecutorConfigurationSupport] [main] [171] [INFO ] Initializing ExecutorService 'applicationTaskExecutor'
[2019-10-28T21:05:28.028Z] [org.apache.juli.logging.DirectJDKLog] [main] [173] [INFO ] Starting ProtocolHandler ["http-nio-8080"]
[2019-10-28T21:05:28.028Z] [org.springframework.boot.web.embedded.tomcat.TomcatWebServer] [main] [204] [INFO ] Tomcat started on port(s): 8080 (http) with context path ''
[2019-10-28T21:05:28.028Z] [org.springframework.boot.StartupInfoLogger] [main] [59] [INFO ] Started SpringBootDemoApplication in 3.509 seconds (JVM running for 4.17)
[2019-10-28T21:05:59.059Z] [org.apache.juli.logging.DirectJDKLog] [http-nio-8080-exec-1] [173] [INFO ] Initializing Spring DispatcherServlet 'dispatcherServlet'
[2019-10-28T21:05:59.059Z] [org.springframework.web.servlet.FrameworkServlet] [http-nio-8080-exec-1] [524] [INFO ] Initializing Servlet 'dispatcherServlet'
[2019-10-28T21:05:59.059Z] [org.springframework.web.servlet.FrameworkServlet] [http-nio-8080-exec-1] [546] [INFO ] Completed initialization in 17 ms
